
Circuit 1 cell sky130_fd_pr__nfet_01v8 and Circuit 2 cell sky130_fd_pr__nfet_01v8 are black boxes.
Warning: Equate pins:  cell sky130_fd_pr__nfet_01v8 is a placeholder, treated as a black box.
Warning: Equate pins:  cell sky130_fd_pr__nfet_01v8 is a placeholder, treated as a black box.

Subcircuit pins:
Circuit 1: sky130_fd_pr__nfet_01v8         |Circuit 2: sky130_fd_pr__nfet_01v8         
-------------------------------------------|-------------------------------------------
1                                          |1                                          
2                                          |2                                          
3                                          |3                                          
4                                          |4                                          
---------------------------------------------------------------------------------------
Cell pin lists are equivalent.
Device classes sky130_fd_pr__nfet_01v8 and sky130_fd_pr__nfet_01v8 are equivalent.
Flattening unmatched subcell sky130_fd_pr__nfet_01v8_FZ7FED in circuit block4 (0)(1 instance)
Flattening unmatched subcell sky130_fd_pr__nfet_01v8_V6EN4H in circuit block4 (0)(2 instances)

Class block4 (0):  Merged 12 parallel devices.
Subcircuit summary:
Circuit 1: block4                          |Circuit 2: block4                          
-------------------------------------------|-------------------------------------------
sky130_fd_pr__nfet_01v8 (16->4)            |sky130_fd_pr__nfet_01v8 (16->4)            
Number of devices: 4                       |Number of devices: 4                       
Number of nets: 3                          |Number of nets: 3                          
---------------------------------------------------------------------------------------
Netlists match uniquely.

Subcircuit pins:
Circuit 1: block4                          |Circuit 2: block4                          
-------------------------------------------|-------------------------------------------
OUT                                        |OUT                                        
D6                                         |D6                                         
GND                                        |GND                                        
---------------------------------------------------------------------------------------
Cell pin lists are equivalent.
Device classes block4 and block4 are equivalent.

Final result: Circuits match uniquely.
.
