
Circuit 1 cell sky130_fd_pr__pfet_01v8 and Circuit 2 cell sky130_fd_pr__pfet_01v8 are black boxes.
Warning: Equate pins:  cell sky130_fd_pr__pfet_01v8 is a placeholder, treated as a black box.
Warning: Equate pins:  cell sky130_fd_pr__pfet_01v8 is a placeholder, treated as a black box.

Subcircuit pins:
Circuit 1: sky130_fd_pr__pfet_01v8         |Circuit 2: sky130_fd_pr__pfet_01v8         
-------------------------------------------|-------------------------------------------
1                                          |1                                          
2                                          |2                                          
3                                          |3                                          
4                                          |4                                          
---------------------------------------------------------------------------------------
Cell pin lists are equivalent.
Device classes sky130_fd_pr__pfet_01v8 and sky130_fd_pr__pfet_01v8 are equivalent.
Flattening unmatched subcell sky130_fd_pr__pfet_01v8_BHMD29 in circuit block3 (0)(1 instance)

Class block3 (0):  Merged 12 parallel devices.
Subcircuit summary:
Circuit 1: block3                          |Circuit 2: block3                          
-------------------------------------------|-------------------------------------------
sky130_fd_pr__pfet_01v8 (16->4)            |sky130_fd_pr__pfet_01v8 (16->4)            
Number of devices: 4                       |Number of devices: 4                       
Number of nets: 6                          |Number of nets: 6                          
---------------------------------------------------------------------------------------
Resolving symmetries by property value.
Resolving symmetries by pin name.
Netlists match uniquely.

Subcircuit pins:
Circuit 1: block3                          |Circuit 2: block3                          
-------------------------------------------|-------------------------------------------
VIP                                        |VIP                                        
VIN                                        |VIN                                        
VDD                                        |VDD                                        
OUT                                        |OUT                                        
D6                                         |D6                                         
D5                                         |D5                                         
---------------------------------------------------------------------------------------
Cell pin lists are equivalent.
Device classes block3 and block3 are equivalent.

Final result: Circuits match uniquely.
.
